2023-03-10 22:51:12 *NORMAL*     Started on Windows 10.0.0.19045 x64. Driver status: 0xC0000225
2023-03-10 22:51:24 *CRITICAL*   Injection initiated. Mode: 0, process type: 0, pid: 7260, mmap flags: 0x0, erasePE: 0, unlink: 0, thread hijack: 0, init routine: '', init arg: ''
2023-03-10 22:51:24 *CRITICAL*   Injecting image 'C:\Users\faced\Documents\VS Projects\FirstLight-Internal 0x1c3\build\FirstLight-Internal 0x1c3.dll'
2023-03-10 22:53:09 *CRITICAL*   Injection initiated. Mode: 0, process type: 0, pid: 7260, mmap flags: 0x0, erasePE: 0, unlink: 0, thread hijack: 0, init routine: '', init arg: ''
2023-03-10 22:53:09 *CRITICAL*   Injecting image 'C:\Users\faced\Documents\VS Projects\FirstLight-Internal 0x1c3\build\FirstLight-Internal 0x1c3.dll'
2023-03-10 22:53:27 *CRITICAL*   Injection initiated. Mode: 0, process type: 0, pid: 7260, mmap flags: 0x0, erasePE: 0, unlink: 0, thread hijack: 0, init routine: '', init arg: ''
2023-03-10 22:53:27 *CRITICAL*   Injecting image 'C:\Users\faced\Documents\VS Projects\FirstLight-Internal 0x1c3\build\FirstLight-Internal 0x1c3.dll'
2023-03-10 22:54:21 *CRITICAL*   Injection initiated. Mode: 0, process type: 0, pid: 7260, mmap flags: 0x0, erasePE: 0, unlink: 0, thread hijack: 0, init routine: '', init arg: ''
2023-03-10 22:54:21 *CRITICAL*   Injecting image 'C:\Users\faced\Documents\VS Projects\FirstLight-Internal 0x1c3\build\FirstLight-Internal 0x1c3.dll'
2023-03-10 22:58:28 *CRITICAL*   Injection initiated. Mode: 0, process type: 0, pid: 7260, mmap flags: 0x0, erasePE: 0, unlink: 0, thread hijack: 0, init routine: '', init arg: ''
2023-03-10 22:58:28 *CRITICAL*   Injecting image 'C:\Users\faced\Documents\VS Projects\FirstLight-Internal 0x1c3\build\FirstLight-Internal 0x1c3.dll'
2023-03-10 23:00:26 *CRITICAL*   Injection initiated. Mode: 0, process type: 0, pid: 7260, mmap flags: 0x0, erasePE: 0, unlink: 0, thread hijack: 0, init routine: '', init arg: ''
2023-03-10 23:00:26 *CRITICAL*   Injecting image 'C:\Users\faced\Documents\VS Projects\FirstLight-Internal 0x1c3\build\FirstLight-Internal 0x1c3.dll'
2023-03-10 23:01:42 *CRITICAL*   Injection initiated. Mode: 0, process type: 0, pid: 7260, mmap flags: 0x0, erasePE: 0, unlink: 0, thread hijack: 0, init routine: '', init arg: ''
2023-03-10 23:01:42 *CRITICAL*   Injecting image 'C:\Users\faced\Documents\VS Projects\FirstLight-Internal 0x1c3\build\FirstLight-Internal 0x1c3.dll'
2023-03-10 23:03:38 *CRITICAL*   Injection initiated. Mode: 0, process type: 0, pid: 7260, mmap flags: 0x0, erasePE: 0, unlink: 0, thread hijack: 0, init routine: '', init arg: ''
2023-03-10 23:03:38 *CRITICAL*   Injecting image 'C:\Users\faced\Documents\VS Projects\FirstLight-Internal 0x1c3\build\FirstLight-Internal 0x1c3.dll'
2023-03-10 23:06:05 *CRITICAL*   Injection initiated. Mode: 0, process type: 0, pid: 7260, mmap flags: 0x0, erasePE: 0, unlink: 0, thread hijack: 0, init routine: '', init arg: ''
2023-03-10 23:06:05 *CRITICAL*   Injecting image 'C:\Users\faced\Documents\VS Projects\FirstLight-Internal 0x1c3\build\FirstLight-Internal 0x1c3.dll'
2023-03-10 23:08:21 *CRITICAL*   Injection initiated. Mode: 0, process type: 0, pid: 7260, mmap flags: 0x0, erasePE: 0, unlink: 0, thread hijack: 0, init routine: '', init arg: ''
2023-03-10 23:08:21 *CRITICAL*   Injecting image 'C:\Users\faced\Documents\VS Projects\FirstLight-Internal 0x1c3\build\FirstLight-Internal 0x1c3.dll'
2023-03-10 23:10:08 *CRITICAL*   Injection initiated. Mode: 0, process type: 0, pid: 7260, mmap flags: 0x0, erasePE: 0, unlink: 0, thread hijack: 0, init routine: '', init arg: ''
2023-03-10 23:10:08 *CRITICAL*   Injecting image 'C:\Users\faced\Documents\VS Projects\FirstLight-Internal 0x1c3\build\FirstLight-Internal 0x1c3.dll'
2023-03-10 23:10:43 *CRITICAL*   Injection initiated. Mode: 0, process type: 0, pid: 7260, mmap flags: 0x0, erasePE: 0, unlink: 0, thread hijack: 0, init routine: '', init arg: ''
2023-03-10 23:10:43 *CRITICAL*   Injecting image 'C:\Users\faced\Documents\VS Projects\FirstLight-Internal 0x1c3\build\FirstLight-Internal 0x1c3.dll'
2023-03-10 23:13:24 *CRITICAL*   Injection initiated. Mode: 0, process type: 0, pid: 7260, mmap flags: 0x0, erasePE: 0, unlink: 0, thread hijack: 0, init routine: '', init arg: ''
2023-03-10 23:13:24 *CRITICAL*   Injecting image 'C:\Users\faced\Documents\VS Projects\FirstLight-Internal 0x1c3\build\FirstLight-Internal 0x1c3.dll'
2023-03-10 23:16:01 *CRITICAL*   Injection initiated. Mode: 0, process type: 0, pid: 7260, mmap flags: 0x0, erasePE: 0, unlink: 0, thread hijack: 0, init routine: '', init arg: ''
2023-03-10 23:16:01 *CRITICAL*   Injecting image 'C:\Users\faced\Documents\VS Projects\FirstLight-Internal 0x1c3\build\FirstLight-Internal 0x1c3.dll'
2023-03-10 23:17:17 *CRITICAL*   Injection initiated. Mode: 0, process type: 0, pid: 7260, mmap flags: 0x0, erasePE: 0, unlink: 0, thread hijack: 0, init routine: '', init arg: ''
2023-03-10 23:17:17 *CRITICAL*   Injecting image 'C:\Users\faced\Documents\VS Projects\FirstLight-Internal 0x1c3\build\FirstLight-Internal 0x1c3.dll'
2023-03-11 00:04:14 *CRITICAL*   Injection initiated. Mode: 0, process type: 0, pid: 7260, mmap flags: 0x0, erasePE: 0, unlink: 0, thread hijack: 0, init routine: '', init arg: ''
2023-03-11 00:04:14 *CRITICAL*   Injecting image 'C:\Users\faced\Documents\VS Projects\based\build\based.dll'
2023-03-11 00:08:39 *CRITICAL*   Injection initiated. Mode: 0, process type: 0, pid: 7260, mmap flags: 0x0, erasePE: 0, unlink: 0, thread hijack: 0, init routine: '', init arg: ''
2023-03-11 00:08:39 *CRITICAL*   Injecting image 'C:\Users\faced\Documents\VS Projects\based\build\based.dll'
2023-03-11 00:15:54 *CRITICAL*   Injection initiated. Mode: 0, process type: 0, pid: 7260, mmap flags: 0x0, erasePE: 0, unlink: 0, thread hijack: 0, init routine: '', init arg: ''
2023-03-11 00:15:54 *CRITICAL*   Injecting image 'C:\Users\faced\Documents\VS Projects\based\build\based.dll'
2023-03-11 00:17:46 *CRITICAL*   Injection initiated. Mode: 0, process type: 0, pid: 7260, mmap flags: 0x0, erasePE: 0, unlink: 0, thread hijack: 0, init routine: '', init arg: ''
2023-03-11 00:17:46 *CRITICAL*   Injecting image 'C:\Users\faced\Documents\VS Projects\based\build\based.dll'
2023-03-11 00:23:16 *CRITICAL*   Injection initiated. Mode: 0, process type: 0, pid: 7260, mmap flags: 0x0, erasePE: 0, unlink: 0, thread hijack: 0, init routine: '', init arg: ''
2023-03-11 00:23:16 *CRITICAL*   Injecting image 'C:\Users\faced\Documents\VS Projects\based\build\based.dll'
2023-03-11 00:32:37 *CRITICAL*   Injection initiated. Mode: 0, process type: 0, pid: 7260, mmap flags: 0x0, erasePE: 0, unlink: 0, thread hijack: 0, init routine: '', init arg: ''
2023-03-11 00:32:37 *CRITICAL*   Injecting image 'C:\Users\faced\Documents\VS Projects\based\build\based.dll'
2023-03-11 00:38:18 *CRITICAL*   Injection initiated. Mode: 0, process type: 0, pid: 7260, mmap flags: 0x0, erasePE: 0, unlink: 0, thread hijack: 0, init routine: '', init arg: ''
2023-03-11 00:38:18 *CRITICAL*   Injecting image 'C:\Users\faced\Documents\VS Projects\based\build\based.dll'
2023-03-11 00:46:00 *CRITICAL*   Injection initiated. Mode: 0, process type: 0, pid: 7260, mmap flags: 0x0, erasePE: 0, unlink: 0, thread hijack: 0, init routine: '', init arg: ''
2023-03-11 00:46:00 *CRITICAL*   Injecting image 'C:\Users\faced\Documents\VS Projects\based\build\based.dll'
2023-03-11 00:47:32 *CRITICAL*   Injection initiated. Mode: 0, process type: 0, pid: 7260, mmap flags: 0x0, erasePE: 0, unlink: 0, thread hijack: 0, init routine: '', init arg: ''
2023-03-11 00:47:32 *CRITICAL*   Injecting image 'C:\Users\faced\Documents\VS Projects\based\build\based.dll'

2023-03-11 00:50:52 *NORMAL*     Started on Windows 10.0.0.19045 x64. Driver status: 0xC0000225
2023-03-11 00:50:56 *CRITICAL*   Injection initiated. Mode: 0, process type: 0, pid: 7260, mmap flags: 0x0, erasePE: 0, unlink: 0, thread hijack: 0, init routine: '', init arg: ''
2023-03-11 00:50:56 *CRITICAL*   Injecting image 'C:\Users\faced\Documents\VS Projects\based\build\based.dll'
2023-03-11 00:51:35 *CRITICAL*   Injection initiated. Mode: 0, process type: 0, pid: 7260, mmap flags: 0x0, erasePE: 0, unlink: 0, thread hijack: 0, init routine: '', init arg: ''
2023-03-11 00:51:35 *CRITICAL*   Injecting image 'C:\Users\faced\Documents\VS Projects\based\build\based.dll'
2023-03-11 00:51:54 *CRITICAL*   Injection initiated. Mode: 0, process type: 0, pid: 7260, mmap flags: 0x0, erasePE: 0, unlink: 0, thread hijack: 0, init routine: '', init arg: ''
2023-03-11 00:51:54 *CRITICAL*   Injecting image 'C:\Users\faced\Documents\VS Projects\based\build\based.dll'
2023-03-11 00:52:18 *CRITICAL*   Injection initiated. Mode: 0, process type: 0, pid: 7260, mmap flags: 0x0, erasePE: 0, unlink: 0, thread hijack: 0, init routine: '', init arg: ''
2023-03-11 00:52:18 *CRITICAL*   Injecting image 'C:\Users\faced\Documents\VS Projects\based\build\based.dll'
2023-03-11 00:59:03 *CRITICAL*   Injection initiated. Mode: 0, process type: 0, pid: 7260, mmap flags: 0x0, erasePE: 0, unlink: 0, thread hijack: 0, init routine: '', init arg: ''
2023-03-11 00:59:03 *ERROR*      
2023-03-11 00:59:09 *CRITICAL*   Injection initiated. Mode: 0, process type: 0, pid: 13248, mmap flags: 0x0, erasePE: 0, unlink: 0, thread hijack: 0, init routine: '', init arg: ''
2023-03-11 00:59:09 *CRITICAL*   Injecting image 'C:\Users\faced\Documents\VS Projects\based\build\based.dll'
2023-03-11 01:38:54 *CRITICAL*   Injection initiated. Mode: 0, process type: 0, pid: 13248, mmap flags: 0x0, erasePE: 0, unlink: 0, thread hijack: 0, init routine: '', init arg: ''
2023-03-11 01:38:54 *CRITICAL*   Injecting image 'C:\Users\faced\Documents\VS Projects\based\build\based.dll'
2023-03-11 01:42:29 *CRITICAL*   Injection initiated. Mode: 0, process type: 0, pid: 13248, mmap flags: 0x0, erasePE: 0, unlink: 0, thread hijack: 0, init routine: '', init arg: ''
2023-03-11 01:42:29 *CRITICAL*   Injecting image 'C:\Users\faced\Documents\VS Projects\based\build\based.dll'
2023-03-11 01:46:39 *CRITICAL*   Injection initiated. Mode: 0, process type: 0, pid: 13248, mmap flags: 0x0, erasePE: 0, unlink: 0, thread hijack: 0, init routine: '', init arg: ''
2023-03-11 01:46:39 *CRITICAL*   Injecting image 'C:\Users\faced\Documents\VS Projects\based\build\based.dll'
2023-03-11 01:49:29 *CRITICAL*   Injection initiated. Mode: 0, process type: 0, pid: 13248, mmap flags: 0x0, erasePE: 0, unlink: 0, thread hijack: 0, init routine: '', init arg: ''
2023-03-11 01:49:29 *CRITICAL*   Injecting image 'C:\Users\faced\Documents\VS Projects\based\build\based.dll'
2023-03-11 01:56:36 *CRITICAL*   Injection initiated. Mode: 0, process type: 0, pid: 13248, mmap flags: 0x0, erasePE: 0, unlink: 0, thread hijack: 0, init routine: '', init arg: ''
2023-03-11 01:56:36 *CRITICAL*   Injecting image 'C:\Users\faced\Documents\VS Projects\based\build\based.dll'
2023-03-11 01:58:12 *CRITICAL*   Injection initiated. Mode: 0, process type: 0, pid: 13248, mmap flags: 0x0, erasePE: 0, unlink: 0, thread hijack: 0, init routine: '', init arg: ''
2023-03-11 01:58:12 *CRITICAL*   Injecting image 'C:\Users\faced\Documents\VS Projects\based\build\based.dll'
2023-03-11 02:06:13 *CRITICAL*   Injection initiated. Mode: 0, process type: 0, pid: 13248, mmap flags: 0x0, erasePE: 0, unlink: 0, thread hijack: 0, init routine: '', init arg: ''
2023-03-11 02:06:13 *CRITICAL*   Injecting image 'C:\Users\faced\Documents\VS Projects\based\build\based.dll'
2023-03-11 02:06:34 *CRITICAL*   Injection initiated. Mode: 0, process type: 0, pid: 13248, mmap flags: 0x0, erasePE: 0, unlink: 0, thread hijack: 0, init routine: '', init arg: ''
2023-03-11 02:06:34 *CRITICAL*   Injecting image 'C:\Users\faced\Documents\VS Projects\based\build\based.dll'
2023-03-11 02:13:25 *CRITICAL*   Injection initiated. Mode: 0, process type: 0, pid: 13248, mmap flags: 0x0, erasePE: 0, unlink: 0, thread hijack: 0, init routine: '', init arg: ''
2023-03-11 02:13:25 *CRITICAL*   Injecting image 'C:\Users\faced\Documents\VS Projects\based\build\based.dll'

